This is pdfTeX, Version 3.14159265-2.6-1.40.21 (MiKTeX 2.9.7300 64-bit) (preloaded format=pdflatex 2020.3.5)  19 MAY 2020 12:28
entering extended mode
**./CPSsprawkoJWRG.tex
(CPSsprawkoJWRG.tex
LaTeX2e <2020-02-02> patch level 2
L3 programming layer <2020-02-14>
("C:\Program Files\MiKTeX 2.9\tex/latex/base\article.cls"
Document Class: article 2019/12/20 v1.4l Standard LaTeX document class
("C:\Program Files\MiKTeX 2.9\tex/latex/base\size12.clo"
File: size12.clo 2019/12/20 v1.4l Standard LaTeX file (size option)
)
\c@part=\count167
\c@section=\count168
\c@subsection=\count169
\c@subsubsection=\count170
\c@paragraph=\count171
\c@subparagraph=\count172
\c@figure=\count173
\c@table=\count174
\abovecaptionskip=\skip47
\belowcaptionskip=\skip48
\bibindent=\dimen134
)
("C:\Program Files\MiKTeX 2.9\tex/latex/base\fontenc.sty"
Package: fontenc 2020/02/11 v2.0o Standard LaTeX package
)
("C:\Program Files\MiKTeX 2.9\tex/latex/graphics\graphicx.sty"
Package: graphicx 2019/11/30 v1.2a Enhanced LaTeX Graphics (DPC,SPQR)

("C:\Program Files\MiKTeX 2.9\tex/latex/graphics\keyval.sty"
Package: keyval 2014/10/28 v1.15 key=value parser (DPC)
\KV@toks@=\toks14
)
("C:\Program Files\MiKTeX 2.9\tex/latex/graphics\graphics.sty"
Package: graphics 2019/11/30 v1.4a Standard LaTeX Graphics (DPC,SPQR)

("C:\Program Files\MiKTeX 2.9\tex/latex/graphics\trig.sty"
Package: trig 2016/01/03 v1.10 sin cos tan (DPC)
)
("C:\Program Files\MiKTeX 2.9\tex/latex/graphics-cfg\graphics.cfg"
File: graphics.cfg 2016/06/04 v1.11 sample graphics configuration
)
Package graphics Info: Driver file: pdftex.def on input line 105.

("C:\Program Files\MiKTeX 2.9\tex/latex/graphics-def\pdftex.def"
File: pdftex.def 2018/01/08 v1.0l Graphics/color driver for pdftex
))
\Gin@req@height=\dimen135
\Gin@req@width=\dimen136
)
("C:\Program Files\MiKTeX 2.9\tex/latex/float\float.sty"
Package: float 2001/11/08 v1.3d Float enhancements (AL)
\c@float@type=\count175
\float@exts=\toks15
\float@box=\box45
\@float@everytoks=\toks16
\@floatcapt=\box46
)
("C:\Program Files\MiKTeX 2.9\tex/generic/babel\babel.sty"
Package: babel 2020/02/14 3.40 The Babel package

("C:\Program Files\MiKTeX 2.9\tex/generic/babel\switch.def"
File: switch.def 2020/02/14 3.40 Babel switching mechanism
)
*************************************
* Local config file bblopts.cfg used
*
("C:\Program Files\MiKTeX 2.9\tex/latex/arabi\bblopts.cfg"
File: bblopts.cfg 2005/09/08 v0.1 add Arabic and Farsi to "declared" options of
 babel
)
("C:\Program Files\MiKTeX 2.9\tex/latex/babel-polish\polish.ldf"
Language: polish 2005/03/31 v1.2l Polish support from the babel system

("C:\Program Files\MiKTeX 2.9\tex/generic/babel\babel.def"
File: babel.def 2020/02/14 3.40 Babel common definitions
\babel@savecnt=\count176
\U@D=\dimen137

("C:\Program Files\MiKTeX 2.9\tex/generic/babel\txtbabel.def")
\bbl@readstream=\read2
\bbl@dirlevel=\count177
)
Package babel Info: Making " an active character on input line 83.
\pl@left=\dimen138
\pl@down=\dimen139
\pl@right=\dimen140
\pl@temp=\dimen141
))
("C:\Program Files\MiKTeX 2.9\tex/latex/amsmath\amsmath.sty"
Package: amsmath 2020/01/20 v2.17e AMS math features
\@mathmargin=\skip49

For additional information on amsmath, use the `?' option.
("C:\Program Files\MiKTeX 2.9\tex/latex/amsmath\amstext.sty"
Package: amstext 2000/06/29 v2.01 AMS text

("C:\Program Files\MiKTeX 2.9\tex/latex/amsmath\amsgen.sty"
File: amsgen.sty 1999/11/30 v2.0 generic functions
\@emptytoks=\toks17
\ex@=\dimen142
))
("C:\Program Files\MiKTeX 2.9\tex/latex/amsmath\amsbsy.sty"
Package: amsbsy 1999/11/29 v1.2d Bold Symbols
\pmbraise@=\dimen143
)
("C:\Program Files\MiKTeX 2.9\tex/latex/amsmath\amsopn.sty"
Package: amsopn 2016/03/08 v2.02 operator names
)
\inf@bad=\count178
LaTeX Info: Redefining \frac on input line 227.
\uproot@=\count179
\leftroot@=\count180
LaTeX Info: Redefining \overline on input line 389.
\classnum@=\count181
\DOTSCASE@=\count182
LaTeX Info: Redefining \ldots on input line 486.
LaTeX Info: Redefining \dots on input line 489.
LaTeX Info: Redefining \cdots on input line 610.
\Mathstrutbox@=\box47
\strutbox@=\box48
\big@size=\dimen144
LaTeX Font Info:    Redeclaring font encoding OML on input line 733.
LaTeX Font Info:    Redeclaring font encoding OMS on input line 734.
\macc@depth=\count183
\c@MaxMatrixCols=\count184
\dotsspace@=\muskip16
\c@parentequation=\count185
\dspbrk@lvl=\count186
\tag@help=\toks18
\row@=\count187
\column@=\count188
\maxfields@=\count189
\andhelp@=\toks19
\eqnshift@=\dimen145
\alignsep@=\dimen146
\tagshift@=\dimen147
\tagwidth@=\dimen148
\totwidth@=\dimen149
\lineht@=\dimen150
\@envbody=\toks20
\multlinegap=\skip50
\multlinetaggap=\skip51
\mathdisplay@stack=\toks21
LaTeX Info: Redefining \[ on input line 2859.
LaTeX Info: Redefining \] on input line 2860.
)
("C:\Program Files\MiKTeX 2.9\tex/latex/l3backend\l3backend-pdfmode.def"
File: l3backend-pdfmode.def 2020-02-03 L3 backend support: PDF mode
\l__kernel_color_stack_int=\count190
\l__pdf_internal_box=\box49
)
(CPSsprawkoJWRG.aux)
\openout1 = `CPSsprawkoJWRG.aux'.

LaTeX Font Info:    Checking defaults for OML/cmm/m/it on input line 15.
LaTeX Font Info:    ... okay on input line 15.
LaTeX Font Info:    Checking defaults for OMS/cmsy/m/n on input line 15.
LaTeX Font Info:    ... okay on input line 15.
LaTeX Font Info:    Checking defaults for OT1/cmr/m/n on input line 15.
LaTeX Font Info:    ... okay on input line 15.
LaTeX Font Info:    Checking defaults for T1/cmr/m/n on input line 15.
LaTeX Font Info:    ... okay on input line 15.
LaTeX Font Info:    Checking defaults for TS1/cmr/m/n on input line 15.
LaTeX Font Info:    ... okay on input line 15.
LaTeX Font Info:    Checking defaults for OMX/cmex/m/n on input line 15.
LaTeX Font Info:    ... okay on input line 15.
LaTeX Font Info:    Checking defaults for U/cmr/m/n on input line 15.
LaTeX Font Info:    ... okay on input line 15.

("C:\Program Files\MiKTeX 2.9\tex/context/base/mkii\supp-pdf.mkii"
[Loading MPS to PDF converter (version 2006.09.02).]
\scratchcounter=\count191
\scratchdimen=\dimen151
\scratchbox=\box50
\nofMPsegments=\count192
\nofMParguments=\count193
\everyMPshowfont=\toks22
\MPscratchCnt=\count194
\MPscratchDim=\dimen152
\MPnumerator=\count195
\makeMPintoPDFobject=\count196
\everyMPtoPDFconversion=\toks23
) ("C:\Program Files\MiKTeX 2.9\tex/latex/epstopdf-pkg\epstopdf-base.sty"
Package: epstopdf-base 2020-01-24 v2.11 Base part for package epstopdf

("C:\Program Files\MiKTeX 2.9\tex/generic/infwarerr\infwarerr.sty"
Package: infwarerr 2019/12/03 v1.5 Providing info/warning/error messages (HO)
)
("C:\Program Files\MiKTeX 2.9\tex/latex/grfext\grfext.sty"
Package: grfext 2019/12/03 v1.3 Manage graphics extensions (HO)

("C:\Program Files\MiKTeX 2.9\tex/generic/kvdefinekeys\kvdefinekeys.sty"
Package: kvdefinekeys 2019-12-19 v1.6 Define keys (HO)
))
("C:\Program Files\MiKTeX 2.9\tex/latex/kvoptions\kvoptions.sty"
Package: kvoptions 2019/11/29 v3.13 Key value format for package options (HO)

("C:\Program Files\MiKTeX 2.9\tex/generic/ltxcmds\ltxcmds.sty"
Package: ltxcmds 2019/12/15 v1.24 LaTeX kernel commands for general use (HO)
)
("C:\Program Files\MiKTeX 2.9\tex/generic/kvsetkeys\kvsetkeys.sty"
Package: kvsetkeys 2019/12/15 v1.18 Key value parser (HO)
))
("C:\Program Files\MiKTeX 2.9\tex/latex/pdftexcmds\pdftexcmds.sty"
Package: pdftexcmds 2019/11/24 v0.31 Utility functions of pdfTeX for LuaTeX (HO
)

("C:\Program Files\MiKTeX 2.9\tex/generic/iftex\iftex.sty"
Package: iftex 2019/11/07 v1.0c TeX engine tests
)
Package pdftexcmds Info: \pdf@primitive is available.
Package pdftexcmds Info: \pdf@ifprimitive is available.
Package pdftexcmds Info: \pdfdraftmode found.
)
Package epstopdf-base Info: Redefining graphics rule for `.eps' on input line 4
85.
Package grfext Info: Graphics extension search list:
(grfext)             [.pdf,.png,.jpg,.mps,.jpeg,.jbig2,.jb2,.PDF,.PNG,.JPG,.JPE
G,.JBIG2,.JB2,.eps]
(grfext)             \AppendGraphicsExtensions on input line 504.
) [1


{C:/Users/Radek/AppData/Local/MiKTeX/2.9/pdftex/config/pdftex.map}] [1]
<splotSinusProstokat.png, id=15, 462.528pt x 346.896pt>
File: splotSinusProstokat.png Graphic file (type png)
<use splotSinusProstokat.png>
Package pdftex.def Info: splotSinusProstokat.png  used on input line 63.
(pdftex.def)             Requested size: 277.51894pt x 208.13919pt.
<splotTrojkatSinus.png, id=17, 462.528pt x 346.896pt>
File: splotTrojkatSinus.png Graphic file (type png)
<use splotTrojkatSinus.png>
Package pdftex.def Info: splotTrojkatSinus.png  used on input line 69.
(pdftex.def)             Requested size: 277.51894pt x 208.13919pt.
 [2 <./splotSinusProstokat.png>]
<korelacjaSinusProstokat.png, id=22, 462.528pt x 346.896pt>
File: korelacjaSinusProstokat.png Graphic file (type png)
<use korelacjaSinusProstokat.png>
Package pdftex.def Info: korelacjaSinusProstokat.png  used on input line 76.
(pdftex.def)             Requested size: 277.51894pt x 208.13919pt.
<korelacjaProstokatDwupolowkowy.png, id=23, 462.528pt x 346.896pt>
File: korelacjaProstokatDwupolowkowy.png Graphic file (type png)
<use korelacjaProstokatDwupolowkowy.png>
Package pdftex.def Info: korelacjaProstokatDwupolowkowy.png  used on input line
 82.
(pdftex.def)             Requested size: 277.51894pt x 208.13919pt.
 [3 <./splotTrojkatSinus.png> <./korelacjaSinusProstokat.png>]
<korelacjaTrojkatSinus.png, id=29, 462.528pt x 346.896pt>
File: korelacjaTrojkatSinus.png Graphic file (type png)
<use korelacjaTrojkatSinus.png>
Package pdftex.def Info: korelacjaTrojkatSinus.png  used on input line 88.
(pdftex.def)             Requested size: 277.51894pt x 208.13919pt.
<korelacjaSplotTrojkatDwupolowkowy.png, id=30, 462.528pt x 346.896pt>
File: korelacjaSplotTrojkatDwupolowkowy.png Graphic file (type png)
<use korelacjaSplotTrojkatDwupolowkowy.png>
Package pdftex.def Info: korelacjaSplotTrojkatDwupolowkowy.png  used on input l
ine 94.
(pdftex.def)             Requested size: 277.51894pt x 208.13919pt.

[4 <./korelacjaProstokatDwupolowkowy.png> <./korelacjaTrojkatSinus.png>]
<korelacjaSplotTrojkatProstokat.png, id=36, 462.528pt x 346.896pt>
File: korelacjaSplotTrojkatProstokat.png Graphic file (type png)
<use korelacjaSplotTrojkatProstokat.png>
Package pdftex.def Info: korelacjaSplotTrojkatProstokat.png  used on input line
 100.
(pdftex.def)             Requested size: 277.51894pt x 208.13919pt.

[5 <./korelacjaSplotTrojkatDwupolowkowy.png> <./korelacjaSplotTrojkatProstokat.
png>]
<sinusSzum.png, id=42, 462.528pt x 346.896pt>
File: sinusSzum.png Graphic file (type png)
<use sinusSzum.png>
Package pdftex.def Info: sinusSzum.png  used on input line 122.
(pdftex.def)             Requested size: 277.51894pt x 208.13919pt.
<trojkatSzum.png, id=43, 462.528pt x 346.896pt>
File: trojkatSzum.png Graphic file (type png)
<use trojkatSzum.png>
Package pdftex.def Info: trojkatSzum.png  used on input line 128.
(pdftex.def)             Requested size: 277.51894pt x 208.13919pt.
 [6 <./sinusSzum.png>]
<prostokatSzum.png, id=50, 462.528pt x 346.896pt>
File: prostokatSzum.png Graphic file (type png)
<use prostokatSzum.png>
Package pdftex.def Info: prostokatSzum.png  used on input line 134.
(pdftex.def)             Requested size: 277.51894pt x 208.13919pt.
<filtrDolSinus.png, id=51, 462.528pt x 346.896pt>
File: filtrDolSinus.png Graphic file (type png)
<use filtrDolSinus.png>
Package pdftex.def Info: filtrDolSinus.png  used on input line 140.
(pdftex.def)             Requested size: 277.51894pt x 208.13919pt.
 [7 <./trojkatSzum.png> <./prostokatSzum.png>]
<filtrDolTrojkat.png, id=57, 462.528pt x 346.896pt>
File: filtrDolTrojkat.png Graphic file (type png)
<use filtrDolTrojkat.png>
Package pdftex.def Info: filtrDolTrojkat.png  used on input line 146.
(pdftex.def)             Requested size: 277.51894pt x 208.13919pt.
<filtrSrodekHanningSinus.png, id=58, 462.528pt x 346.896pt>
File: filtrSrodekHanningSinus.png Graphic file (type png)
<use filtrSrodekHanningSinus.png>
Package pdftex.def Info: filtrSrodekHanningSinus.png  used on input line 152.
(pdftex.def)             Requested size: 277.51894pt x 208.13919pt.

[8 <./filtrDolSinus.png> <./filtrDolTrojkat.png>]
<filtrSrodekHanningTrojkat.png, id=64, 462.528pt x 346.896pt>
File: filtrSrodekHanningTrojkat.png Graphic file (type png)
<use filtrSrodekHanningTrojkat.png>
Package pdftex.def Info: filtrSrodekHanningTrojkat.png  used on input line 158.

(pdftex.def)             Requested size: 277.51894pt x 208.13919pt.
<filtrSrodekHanningProstokat.png, id=65, 462.528pt x 346.896pt>
File: filtrSrodekHanningProstokat.png Graphic file (type png)
<use filtrSrodekHanningProstokat.png>
Package pdftex.def Info: filtrSrodekHanningProstokat.png  used on input line 16
4.
(pdftex.def)             Requested size: 277.51894pt x 208.13919pt.
 [9 <./filtrSrodekHanningSinus.png> <./filtrSrodekHanningTrojkat.png>]
Underfull \hbox (badness 10000) in paragraph at lines 170--172

 []

[10 <./filtrSrodekHanningProstokat.png>]
Underfull \hbox (badness 3333) in paragraph at lines 217--218
[]\T1/cmr/m/n/12 Instrukcja do za-da-nia 3 - Splot, fil-tra-cja i ko-re-la-cja 
sy-gna-ªów
 []


Overfull \hbox (59.85092pt too wide) in paragraph at lines 217--218
\T1/cmr/m/n/12 https://ftims.edu.p.lodz.pl/pluginfile.php/14039/mod_resource/co
ntent/1/zad3.pdf
 []

[11] (CPSsprawkoJWRG.aux) ) 
Here is how much of TeX's memory you used:
 3316 strings out of 481556
 46351 string characters out of 2923635
 295421 words of memory out of 3000000
 18503 multiletter control sequences out of 15000+200000
 543627 words of font info for 50 fonts, out of 3000000 for 9000
 1141 hyphenation exceptions out of 8191
 34i,6n,29p,501b,228s stack positions out of 5000i,500n,10000p,200000b,50000s
 <C:\Users\Radek\AppData\Local\MiKTeX\2.9\fonts/pk/l
jfour/jknappen/ec/dpi600\ecbx1200.pk> <C:\Users\Radek\AppData\Local\MiKTeX\2.9\
fonts/pk/ljfour/jknappen/ec/dpi600\ecbx1440.pk> <C:\Users\Radek\AppData\Local\M
iKTeX\2.9\fonts/pk/ljfour/jknappen/ec/dpi600\tcrm1200.pk> <C:\Users\Radek\AppDa
ta\Local\MiKTeX\2.9\fonts/pk/ljfour/jknappen/ec/dpi600\ecrm1200.pk> <C:\Users\R
adek\AppData\Local\MiKTeX\2.9\fonts/pk/ljfour/jknappen/ec/dpi600\ecbx1728.pk> <
C:\Users\Radek\AppData\Local\MiKTeX\2.9\fonts/pk/ljfour/jknappen/ec/dpi600\ecrm
1440.pk> <C:\Users\Radek\AppData\Local\MiKTeX\2.9\fonts/pk/ljfour/jknappen/ec/d
pi600\ecrm2074.pk> <C:\Users\Radek\AppData\Local\MiKTeX\2.9\fonts/pk/ljfour/jkn
appen/ec/dpi600\ecbx2074.pk>
Output written on CPSsprawkoJWRG.pdf (12 pages, 559508 bytes).
PDF statistics:
 315 PDF objects out of 1000 (max. 8388607)
 0 named destinations out of 1000 (max. 500000)
 76 words of extra memory for PDF output out of 10000 (max. 10000000)

